{
  "RSpec": {
    "coverage": {
      "/Users/davidmaurer/rails/turing_projects/beer_bank/spec/controllers/beers_controller_spec.rb": [
        1,
        null,
        1,
        null,
        null
      ],
      "/Users/davidmaurer/rails/turing_projects/beer_bank/spec/rails_helper.rb": [
        null,
        1,
        1,
        null,
        1,
        1,
        1,
        1,
        null,
        null,
        null,
        null,
        null,
        null,
        null,
        null,
        null,
        null,
        null,
        null,
        null,
        null,
        null,
        null,
        null,
        null,
        null,
        1,
        null,
        1,
        1,
        null,
        1,
        null,
        null,
        null,
        null,
        1,
        null,
        null,
        null,
        null,
        null,
        null,
        null,
        null,
        null,
        null,
        null,
        null,
        null,
        null,
        1,
        null,
        1,
        1,
        null,
        null,
        1,
        5,
        null,
        null,
        1,
        0,
        null,
        null,
        1,
        5,
        null,
        null,
        1,
        5,
        null,
        null,
        1,
        2,
        2,
        null,
        null,
        null,
        null,
        null,
        null,
        null,
        null,
        null,
        null,
        null,
        null,
        null,
        null
      ],
      "/Users/davidmaurer/rails/turing_projects/beer_bank/config/environment.rb": [
        null,
        1,
        null,
        null,
        1
      ],
      "/Users/davidmaurer/rails/turing_projects/beer_bank/config/application.rb": [
        1,
        null,
        1,
        null,
        1,
        1,
        1,
        1,
        1,
        1,
        1,
        null,
        null,
        null,
        null,
        1,
        null,
        1,
        1,
        null,
        null,
        null,
        null,
        null,
        null,
        null,
        null,
        null,
        null,
        null,
        null,
        null,
        1,
        null,
        null
      ],
      "/Users/davidmaurer/rails/turing_projects/beer_bank/config/boot.rb": [
        1,
        null,
        1
      ],
      "/Users/davidmaurer/rails/turing_projects/beer_bank/config/environments/test.rb": [
        1,
        null,
        null,
        null,
        null,
        null,
        null,
        1,
        null,
        null,
        null,
        null,
        1,
        null,
        null,
        1,
        1,
        null,
        null,
        1,
        1,
        null,
        null,
        1,
        null,
        null,
        1,
        null,
        null,
        null,
        null,
        1,
        null,
        null,
        1,
        null,
        null,
        1,
        null,
        null,
        null,
        null
      ],
      "/Users/davidmaurer/rails/turing_projects/beer_bank/config/initializers/assets.rb": [
        null,
        null,
        null,
        1,
        null,
        null,
        null,
        null,
        null,
        null,
        null
      ],
      "/Users/davidmaurer/rails/turing_projects/beer_bank/config/initializers/backtrace_silencers.rb": [
        null,
        null,
        null,
        null,
        null,
        null,
        null
      ],
      "/Users/davidmaurer/rails/turing_projects/beer_bank/config/initializers/cookies_serializer.rb": [
        null,
        null,
        1
      ],
      "/Users/davidmaurer/rails/turing_projects/beer_bank/config/initializers/filter_parameter_logging.rb": [
        null,
        null,
        null,
        1
      ],
      "/Users/davidmaurer/rails/turing_projects/beer_bank/config/initializers/inflections.rb": [
        null,
        null,
        null,
        null,
        null,
        null,
        null,
        null,
        null,
        null,
        null,
        null,
        null,
        null,
        null,
        null
      ],
      "/Users/davidmaurer/rails/turing_projects/beer_bank/config/initializers/mime_types.rb": [
        null,
        null,
        null,
        null
      ],
      "/Users/davidmaurer/rails/turing_projects/beer_bank/config/initializers/omniauth.rb": [
        1,
        1,
        null,
        null
      ],
      "/Users/davidmaurer/rails/turing_projects/beer_bank/config/initializers/session_store.rb": [
        null,
        null,
        1
      ],
      "/Users/davidmaurer/rails/turing_projects/beer_bank/config/initializers/wrap_parameters.rb": [
        null,
        null,
        null,
        null,
        null,
        null,
        1,
        1,
        null,
        null,
        null,
        null,
        null,
        null
      ],
      "/Users/davidmaurer/rails/turing_projects/beer_bank/spec/factories/beers.rb": [
        1,
        1,
        1,
        1,
        1,
        1,
        1,
        null,
        null,
        1,
        1,
        1,
        1,
        1,
        1,
        null,
        null
      ],
      "/Users/davidmaurer/rails/turing_projects/beer_bank/spec/factories/users.rb": [
        1,
        1,
        1,
        1,
        1,
        1,
        null,
        null
      ],
      "/Users/davidmaurer/rails/turing_projects/beer_bank/config/routes.rb": [
        1,
        1,
        null,
        1,
        null,
        1,
        null,
        1,
        null,
        1,
        null,
        1,
        null
      ],
      "/Users/davidmaurer/rails/turing_projects/beer_bank/app/helpers/application_helper.rb": [
        1,
        null
      ],
      "/Users/davidmaurer/rails/turing_projects/beer_bank/app/helpers/beers_helper.rb": [
        1,
        null
      ],
      "/Users/davidmaurer/rails/turing_projects/beer_bank/app/helpers/lists_helper.rb": [
        1,
        null
      ],
      "/Users/davidmaurer/rails/turing_projects/beer_bank/app/helpers/sessions_helper.rb": [
        1,
        null
      ],
      "/Users/davidmaurer/rails/turing_projects/beer_bank/app/helpers/users_helper.rb": [
        1,
        null
      ],
      "/Users/davidmaurer/rails/turing_projects/beer_bank/app/helpers/welcome_helper.rb": [
        1,
        null
      ],
      "/Users/davidmaurer/rails/turing_projects/beer_bank/app/controllers/beers_controller.rb": [
        1,
        1,
        null,
        null,
        1,
        0,
        null,
        null,
        1,
        null,
        null,
        1,
        0,
        0,
        0,
        null,
        null,
        1,
        0,
        null,
        null,
        1,
        0,
        0,
        0,
        0,
        null,
        0,
        null,
        null,
        null,
        1,
        null,
        1,
        0,
        null,
        null
      ],
      "/Users/davidmaurer/rails/turing_projects/beer_bank/app/controllers/application_controller.rb": [
        1,
        1,
        null,
        1,
        null,
        1,
        6,
        null,
        null,
        1,
        0,
        0,
        0,
        0,
        0,
        0,
        0,
        0,
        null,
        null,
        0,
        null,
        null,
        null
      ],
      "/Users/davidmaurer/rails/turing_projects/beer_bank/spec/controllers/sessions_controller_spec.rb": [
        1,
        null,
        1,
        null,
        null
      ],
      "/Users/davidmaurer/rails/turing_projects/beer_bank/app/controllers/sessions_controller.rb": [
        1,
        1,
        2,
        2,
        2,
        null,
        0,
        null,
        null,
        null,
        1,
        1,
        1,
        null,
        null,
        1,
        null,
        1,
        0,
        null,
        null
      ],
      "/Users/davidmaurer/rails/turing_projects/beer_bank/spec/controllers/users_controller_spec.rb": [
        1,
        null,
        1,
        null,
        null
      ],
      "/Users/davidmaurer/rails/turing_projects/beer_bank/app/controllers/users_controller.rb": [
        1,
        1,
        null,
        null
      ],
      "/Users/davidmaurer/rails/turing_projects/beer_bank/spec/controllers/welcome_controller_spec.rb": [
        1,
        null,
        1,
        null,
        1,
        1,
        1,
        1,
        null,
        null,
        null,
        null
      ],
      "/Users/davidmaurer/rails/turing_projects/beer_bank/app/controllers/welcome_controller.rb": [
        1,
        1,
        null,
        null
      ],
      "/Users/davidmaurer/rails/turing_projects/beer_bank/spec/features/user/user_can_login_and_logout_with_twitter_spec.rb": [
        1,
        null,
        1,
        1,
        2,
        null,
        null,
        1,
        1,
        null,
        1,
        null,
        1,
        null,
        1,
        1,
        null,
        null,
        1,
        1,
        null,
        1,
        null,
        1,
        null,
        1,
        1,
        null,
        null,
        1,
        null,
        null
      ],
      "/Users/davidmaurer/rails/turing_projects/beer_bank/spec/features/user/user_can_see_beers_in_list_spec.rb": [
        1,
        null,
        1,
        1,
        1,
        1,
        0,
        null,
        null,
        1,
        0,
        0,
        0,
        null,
        0,
        null,
        null
      ],
      "/Users/davidmaurer/rails/turing_projects/beer_bank/spec/models/beer_spec.rb": [
        1,
        null,
        1,
        1,
        null,
        1,
        1,
        1,
        1,
        1,
        1,
        null,
        null
      ],
      "/Users/davidmaurer/rails/turing_projects/beer_bank/app/models/beer.rb": [
        1,
        1,
        null
      ],
      "/Users/davidmaurer/rails/turing_projects/beer_bank/spec/models/user_spec.rb": [
        1,
        null,
        1,
        1,
        null,
        1,
        1,
        1,
        null,
        null
      ],
      "/Users/davidmaurer/rails/turing_projects/beer_bank/app/models/user.rb": [
        1,
        1,
        null,
        1,
        2,
        2,
        null,
        null,
        null,
        null,
        null,
        2,
        null,
        null,
        1,
        null,
        0,
        0,
        0,
        0,
        0,
        null,
        null
      ],
      "/Users/davidmaurer/rails/turing_projects/beer_bank/spec/views/welcome/index.html.erb_spec.rb": [
        1,
        null,
        1,
        null,
        null
      ]
    },
    "timestamp": 1439483241
  }
}
